Build started 3/5/2016 6:28:02 AM.
     1>Project "C:\Users\guenw\Documents\gitrepos\cpts471genomics\program1\Program1-Toombs\Program1-Toombs\Program1-Toombs.vcxproj" on node 2 (Build target(s)).
     1>ClCompile:
         C:\Program Files (x86)\Microsoft Visual Studio 14.0\VC\bin\x86_amd64\CL.exe /c /Zi /nologo /W3 /WX- /O2 /Oi /GL /D NDEBUG /D _CONSOLE /D _UNICODE /D UNICODE /Gm- /EHsc /MD /GS /Gy /fp:precise /Zc:wchar_t /Zc:forScope /Zc:inline /Yc"stdafx.h" /Fp"x64\Release\Program1-Toombs.pch" /Fo"x64\Release\\" /Fd"x64\Release\vc140.pdb" /Gd /TP /errorReport:prompt stdafx.cpp
         stdafx.cpp
         C:\Program Files (x86)\Microsoft Visual Studio 14.0\VC\bin\x86_amd64\CL.exe /c /Zi /nologo /W3 /WX- /O2 /Oi /GL /D NDEBUG /D _CONSOLE /D _UNICODE /D UNICODE /Gm- /EHsc /MD /GS /Gy /fp:precise /Zc:wchar_t /Zc:forScope /Zc:inline /Yu"stdafx.h" /Fp"x64\Release\Program1-Toombs.pch" /Fo"x64\Release\\" /Fd"x64\Release\vc140.pdb" /Gd /TP /errorReport:prompt "Program1-Toombs.cpp"
         Program1-Toombs.cpp
     1>C:\Program Files (x86)\Microsoft Visual Studio 14.0\VC\include\tuple(287): warning C4244: '=': conversion from 'unsigned __int64' to 'int', possible loss of data
         Program1-Toombs.cpp(148): note: see reference to function template instantiation 'std::tuple<int,int> &std::tuple<int,int>::operator =<unsigned __int64,unsigned __int64>(std::tuple<unsigned __int64,unsigned __int64> &&)' being compiled
         Program1-Toombs.cpp(148): note: see reference to function template instantiation 'std::tuple<int,int> &std::tuple<int,int>::operator =<unsigned __int64,unsigned __int64>(std::tuple<unsigned __int64,unsigned __int64> &&)' being compiled
       Link:
         C:\Program Files (x86)\Microsoft Visual Studio 14.0\VC\bin\x86_amd64\link.exe /ERRORREPORT:PROMPT /OUT:"C:\Users\guenw\Documents\gitrepos\cpts471genomics\program1\Program1-Toombs\x64\Release\Program1-Toombs.exe" /INCREMENTAL:NO /NOLOGO kernel32.lib user32.lib gdi32.lib winspool.lib comdlg32.lib advapi32.lib shell32.lib ole32.lib oleaut32.lib uuid.lib odbc32.lib odbccp32.lib /MANIFEST /MANIFESTUAC:"level='asInvoker' uiAccess='false'" /manifest:embed /Debug /PDB:"C:\Users\guenw\Documents\gitrepos\cpts471genomics\program1\Program1-Toombs\x64\Release\Program1-Toombs.pdb" /SUBSYSTEM:CONSOLE /OPT:REF /OPT:ICF /LTCG:incremental /TLBID:1 /DYNAMICBASE /NXCOMPAT /IMPLIB:"C:\Users\guenw\Documents\gitrepos\cpts471genomics\program1\Program1-Toombs\x64\Release\Program1-Toombs.lib" /MACHINE:X64 "x64\Release\Program1-Toombs.obj"
         x64\Release\stdafx.obj
         Generating code
         All 493 functions were compiled because no usable IPDB/IOBJ from previous compilation was found.
         Finished generating code
         Program1-Toombs.vcxproj -> C:\Users\guenw\Documents\gitrepos\cpts471genomics\program1\Program1-Toombs\x64\Release\Program1-Toombs.exe
     1>Done Building Project "C:\Users\guenw\Documents\gitrepos\cpts471genomics\program1\Program1-Toombs\Program1-Toombs\Program1-Toombs.vcxproj" (Build target(s)).

Build succeeded.

Time Elapsed 00:00:01.62
